<?xml version="1.0" encoding="UTF-8" ?>
<testsuite tests="19" failures="0" name="com.daily.Cucumber_test.TestRunner" time="0.044" errors="0" skipped="16">
  <properties>
    <property name="jansi.mode" value="strip"/>
    <property name="java.runtime.name" value="Java(TM) SE Runtime Environment"/>
    <property name="sun.boot.library.path" value="C:\Program Files\Java\jdk1.8.0_211\jre\bin"/>
    <property name="java.vm.version" value="25.211-b12"/>
    <property name="java.vm.vendor" value="Oracle Corporation"/>
    <property name="maven.multiModuleProjectDirectory" value="C:\Users\me\Documents\Git\HCL Training\Daily\August\CucumberTest"/>
    <property name="java.vendor.url" value="http://java.oracle.com/"/>
    <property name="path.separator" value=";"/>
    <property name="guice.disable.misplaced.annotation.check" value="true"/>
    <property name="java.vm.name" value="Java HotSpot(TM) 64-Bit Server VM"/>
    <property name="file.encoding.pkg" value="sun.io"/>
    <property name="user.script" value=""/>
    <property name="user.country" value="US"/>
    <property name="sun.java.launcher" value="SUN_STANDARD"/>
    <property name="sun.os.patch.level" value=""/>
    <property name="java.vm.specification.name" value="Java Virtual Machine Specification"/>
    <property name="user.dir" value="C:\Users\me\Documents\Git\HCL Training\Daily\August\CucumberTest"/>
    <property name="java.runtime.version" value="1.8.0_211-b12"/>
    <property name="java.awt.graphicsenv" value="sun.awt.Win32GraphicsEnvironment"/>
    <property name="java.endorsed.dirs" value="C:\Program Files\Java\jdk1.8.0_211\jre\lib\endorsed"/>
    <property name="os.arch" value="amd64"/>
    <property name="java.io.tmpdir" value="C:\Users\me\AppData\Local\Temp\"/>
    <property name="line.separator" value="
"/>
    <property name="java.vm.specification.vendor" value="Oracle Corporation"/>
    <property name="user.variant" value=""/>
    <property name="os.name" value="Windows 10"/>
    <property name="classworlds.conf" value="C:\Users\me\Documents\Git\HCL Training\Daily\August\.metadata\.plugins\org.eclipse.m2e.launching\launches\m2conf13229490304156663473.tmp"/>
    <property name="sun.jnu.encoding" value="Cp1252"/>
    <property name="java.library.path" value="C:\Program Files\Java\jdk1.8.0_211\bin;C:\WINDOWS\Sun\Java\bin;C:\WINDOWS\system32;C:\WINDOWS;C:/Program Files/Eclipse 4.24/eclipse//plugins/org.eclipse.justj.openjdk.hotspot.jre.full.win32.x86_64_17.0.3.v20220515-1416/jre/bin/server;C:/Program Files/Eclipse 4.24/eclipse//plugins/org.eclipse.justj.openjdk.hotspot.jre.full.win32.x86_64_17.0.3.v20220515-1416/jre/bin;C:\Program Files (x86)\Common Files\Oracle\Java\javapath;C:\Windows\system32;C:\Windows;C:\Windows\System32\Wbem;C:\Windows\System32\WindowsPowerShell\v1.0\;C:\Windows\System32\OpenSSH\;C:\Program Files (x86)\NVIDIA Corporation\PhysX\Common;C:\Program Files\NVIDIA Corporation\NVIDIA NvDLISR;C:\Program Files (x86)\Calibre2\;C:\WINDOWS\system32;C:\WINDOWS;C:\WINDOWS\System32\Wbem;C:\WINDOWS\System32\WindowsPowerShell\v1.0\;C:\WINDOWS\System32\OpenSSH\;C:\Program Files\Git LFS;C:\Program Files\dotnet\;C:\ProgramData\chocolatey\bin;C:\Program Files\Java\jdk1.8.0_211\bin;C:\ProgramData\chocolatey\lib\maven\apache-maven-3.8.6\bin;C:\Program Files\Microsoft VS Code\bin;C:\Program Files\nodejs\;C:\Program Files\Git\cmd;C:\Users\me\AppData\Local\Programs\Python\Python310\Scripts\;C:\Users\me\AppData\Local\Programs\Python\Python310\;C:\Users\me\AppData\Local\Microsoft\WindowsApps;C:\Users\me\AppData\Local\GitHubDesktop\bin;C:\Users\me\AppData\Local\atom\bin;C:\Users\me\AppData\Roaming\Amazon;C:\tools\mysql\current\bin;C:\Users\me\AppData\Roaming\npm;C:\WINDOWS\System32;;."/>
    <property name="java.specification.name" value="Java Platform API Specification"/>
    <property name="java.class.version" value="52.0"/>
    <property name="sun.management.compiler" value="HotSpot 64-Bit Tiered Compilers"/>
    <property name="os.version" value="10.0"/>
    <property name="user.home" value="C:\Users\me"/>
    <property name="user.timezone" value="America/Chicago"/>
    <property name="java.awt.printerjob" value="sun.awt.windows.WPrinterJob"/>
    <property name="java.specification.version" value="1.8"/>
    <property name="file.encoding" value="UTF-8"/>
    <property name="user.name" value="me"/>
    <property name="java.class.path" value="C:\Program Files\Eclipse 4.24\eclipse\plugins\org.eclipse.m2e.maven.runtime_1.18.3.20220227-1319\jars\plexus-classworlds-2.6.0.jar"/>
    <property name="java.vm.specification.version" value="1.8"/>
    <property name="sun.arch.data.model" value="64"/>
    <property name="java.home" value="C:\Program Files\Java\jdk1.8.0_211\jre"/>
    <property name="sun.java.command" value="org.codehaus.plexus.classworlds.launcher.Launcher -B clean install"/>
    <property name="java.specification.vendor" value="Oracle Corporation"/>
    <property name="user.language" value="en"/>
    <property name="awt.toolkit" value="sun.awt.windows.WToolkit"/>
    <property name="java.vm.info" value="mixed mode"/>
    <property name="java.version" value="1.8.0_211"/>
    <property name="java.ext.dirs" value="C:\Program Files\Java\jdk1.8.0_211\jre\lib\ext;C:\WINDOWS\Sun\Java\lib\ext"/>
    <property name="sun.boot.class.path" value="C:\Program Files\Java\jdk1.8.0_211\jre\lib\resources.jar;C:\Program Files\Java\jdk1.8.0_211\jre\lib\rt.jar;C:\Program Files\Java\jdk1.8.0_211\jre\lib\sunrsasign.jar;C:\Program Files\Java\jdk1.8.0_211\jre\lib\jsse.jar;C:\Program Files\Java\jdk1.8.0_211\jre\lib\jce.jar;C:\Program Files\Java\jdk1.8.0_211\jre\lib\charsets.jar;C:\Program Files\Java\jdk1.8.0_211\jre\lib\jfr.jar;C:\Program Files\Java\jdk1.8.0_211\jre\classes"/>
    <property name="java.vendor" value="Oracle Corporation"/>
    <property name="maven.home" value="C:\Users\me\Documents\Git\HCL Training\Daily\August\CucumberTest\EMBEDDED"/>
    <property name="file.separator" value="\"/>
    <property name="java.vendor.url.bug" value="http://bugreport.sun.com/bugreport/"/>
    <property name="sun.cpu.endian" value="little"/>
    <property name="sun.io.unicode.encoding" value="UnicodeLittle"/>
    <property name="sun.desktop" value="windows"/>
    <property name="sun.cpu.isalist" value="amd64"/>
  </properties>
  <testcase classname="Scenario: Title of your scenario" name="Given I want to write a step with precondition" time="0.004">
    <skipped/>
    <system-out>#Author: your.email@your.domain.com
#Keywords Summary :
#Feature: List of scenarios.
#Scenario: Business rule through list of steps with arguments.
#Given: Some precondition step
#When: Some key actions
#Then: To observe outcomes or validation
#And,But: To enumerate more Given,When,Then steps
#Scenario Outline: List of steps for data-driven as an Examples and &lt;placeholder&gt;
#Examples: Container for s table
#Background: List of steps run before each of the scenarios
#&quot;&quot;&quot; (Doc Strings)
#| (Data Tables)
#@ (Tags/Labels):To group Scenarios
#&lt;&gt; (placeholder)
#&quot;&quot;
## (Comments)
#Sample Feature Definition Template
@tag
Feature: Title of your feature
  I want to use this template for my feature file
</system-out>
  </testcase>
  <testcase classname="Scenario: Title of your scenario" name="And some other precondition" time="0.004">
    <skipped/>
  </testcase>
  <testcase classname="Scenario: Title of your scenario" name="When I complete action" time="0.004">
    <skipped/>
  </testcase>
  <testcase classname="Scenario: Title of your scenario" name="And some other action" time="0.004">
    <skipped/>
  </testcase>
  <testcase classname="Scenario: Title of your scenario" name="And yet another action" time="0.004">
    <skipped/>
  </testcase>
  <testcase classname="Scenario: Title of your scenario" name="Then I validate the outcomes" time="0.004">
    <skipped/>
  </testcase>
  <testcase classname="Scenario: Title of your scenario" name="And check more outcomes" time="0.004">
    <skipped/>
  </testcase>
  <testcase classname="Scenario: Title of your scenario" name="Scenario: Title of your scenario" time="0.004">
    <skipped/>
  </testcase>
  <testcase classname="Scenario: Title of your scenario" name="Scenario: Title of your scenario" time="0.004"/>
  <testcase classname="| name1 | 5 | success |" name="Given I want to write a step with name1" time="0.001">
    <skipped/>
    <system-out>
  @tag1
  Scenario: Title of your scenario                 &amp;#27;[90m# Discount.feature:24&amp;#27;[0m
    &amp;#27;[33mGiven &amp;#27;[0m&amp;#27;[33mI want to write a step with precondition&amp;#27;[0m
    &amp;#27;[33mAnd &amp;#27;[0m&amp;#27;[33msome other precondition&amp;#27;[0m
    &amp;#27;[33mWhen &amp;#27;[0m&amp;#27;[33mI complete action&amp;#27;[0m
    &amp;#27;[33mAnd &amp;#27;[0m&amp;#27;[33msome other action&amp;#27;[0m
    &amp;#27;[33mAnd &amp;#27;[0m&amp;#27;[33myet another action&amp;#27;[0m
    &amp;#27;[33mThen &amp;#27;[0m&amp;#27;[33mI validate the outcomes&amp;#27;[0m
    &amp;#27;[33mAnd &amp;#27;[0m&amp;#27;[33mcheck more outcomes&amp;#27;[0m

  @tag2
  Scenario Outline: Title of your scenario outline &amp;#27;[90m# Discount.feature:34&amp;#27;[0m
    &amp;#27;[36mGiven &amp;#27;[0m&amp;#27;[36mI want to write a step with &lt;name&gt;&amp;#27;[0m
    &amp;#27;[36mWhen &amp;#27;[0m&amp;#27;[36mI check for the &lt;value&gt; in step&amp;#27;[0m
    &amp;#27;[36mThen &amp;#27;[0m&amp;#27;[36mI verify the &lt;status&gt; in step&amp;#27;[0m

    Examples: 
</system-out>
  </testcase>
  <testcase classname="| name1 | 5 | success |" name="When I check for the 5 in step" time="0.001">
    <skipped/>
  </testcase>
  <testcase classname="| name1 | 5 | success |" name="Then I verify the success in step" time="0.001">
    <skipped/>
  </testcase>
  <testcase classname="| name1 | 5 | success |" name="| name1 | 5 | success |" time="0.001">
    <skipped/>
  </testcase>
  <testcase classname="| name1 | 5 | success |" name="| name1 | 5 | success |" time="0.001"/>
  <testcase classname="| name2 | 7 | Fail |" name="Given I want to write a step with name2" time="0">
    <skipped/>
    <system-out>
  @tag @tag2
  Scenario Outline: Title of your scenario outline &amp;#27;[90m# Discount.feature:41&amp;#27;[0m
    &amp;#27;[33mGiven &amp;#27;[0m&amp;#27;[33mI want to write a step with name1&amp;#27;[0m
    &amp;#27;[33mWhen &amp;#27;[0m&amp;#27;[33mI check for the 5 in step&amp;#27;[0m
    &amp;#27;[33mThen &amp;#27;[0m&amp;#27;[33mI verify the success in step&amp;#27;[0m
</system-out>
  </testcase>
  <testcase classname="| name2 | 7 | Fail |" name="When I check for the 7 in step" time="0">
    <skipped/>
  </testcase>
  <testcase classname="| name2 | 7 | Fail |" name="Then I verify the Fail in step" time="0.001">
    <skipped/>
  </testcase>
  <testcase classname="| name2 | 7 | Fail |" name="| name2 | 7 | Fail |" time="0.001">
    <skipped/>
  </testcase>
  <testcase classname="| name2 | 7 | Fail |" name="| name2 | 7 | Fail |" time="0.001"/>
</testsuite>